<?xml version="1.0" encoding="utf-8"?><testsuites name="pytest tests"><testsuite name="pytest" errors="0" failures="0" skipped="0" tests="30" time="29.273" timestamp="2026-05-14T07:09:43.886802+00:00" hostname="agent-env-d21220cd-af46-48f8-90dc-482940d0377c"><testcase classname="backend.tests.test_premium_phase38.TestRegression" name="test_auth_login" time="0.348" /><testcase classname="backend.tests.test_premium_phase38.TestRegression" name="test_auth_me" time="0.112" /><testcase classname="backend.tests.test_premium_phase38.TestRegression" name="test_admin_profiles_list" time="0.114" /><testcase classname="backend.tests.test_premium_phase38.TestWhatsAppMock" name="test_status_mock" time="0.101" /><testcase classname="backend.tests.test_premium_phase38.TestWhatsAppMock" name="test_send_invitation_mock" time="0.105" /><testcase classname="backend.tests.test_premium_phase38.TestWhatsAppMock" name="test_send_reminder_mock" time="0.114" /><testcase classname="backend.tests.test_premium_phase38.TestAISuite" name="test_greeting_personalize" time="2.778" /><testcase classname="backend.tests.test_premium_phase38.TestAISuite" name="test_translate_bulk" time="2.286" /><testcase classname="backend.tests.test_premium_phase38.TestAISuite" name="test_story_v2" time="19.659" /><testcase classname="backend.tests.test_premium_phase38.TestAISuite" name="test_enhance_image" time="0.228" /><testcase classname="backend.tests.test_premium_phase38.TestLiveGallery" name="test_get_settings" time="0.120" /><testcase classname="backend.tests.test_premium_phase38.TestLiveGallery" name="test_put_settings" time="0.113" /><testcase classname="backend.tests.test_premium_phase38.TestLiveGallery" name="test_create_uploader_token" time="0.111" /><testcase classname="backend.tests.test_premium_phase38.TestLiveGallery" name="test_desktop_upload" time="0.107" /><testcase classname="backend.tests.test_premium_phase38.TestLiveGallery" name="test_public_live_gallery" time="0.124" /><testcase classname="backend.tests.test_premium_phase38.TestLiveGallery" name="test_guest_upload" time="0.113" /><testcase classname="backend.tests.test_premium_phase38.TestLiveGallery" name="test_favorite_toggle" time="0.236" /><testcase classname="backend.tests.test_premium_phase38.TestLiveGallery" name="test_moderate" time="0.207" /><testcase classname="backend.tests.test_premium_phase38.TestLiveGallery" name="test_delete" time="0.226" /><testcase classname="backend.tests.test_premium_phase38.TestShagun" name="test_put_shagun" time="0.121" /><testcase classname="backend.tests.test_premium_phase38.TestShagun" name="test_public_shagun" time="0.104" /><testcase classname="backend.tests.test_premium_phase38.TestShagun" name="test_record_blessing" time="0.122" /><testcase classname="backend.tests.test_premium_phase38.TestShagun" name="test_blessings" time="0.102" /><testcase classname="backend.tests.test_premium_phase38.TestTravelItinerary" name="test_travel_links" time="0.109" /><testcase classname="backend.tests.test_premium_phase38.TestTravelItinerary" name="test_itinerary_audience_filter" time="0.350" /><testcase classname="backend.tests.test_premium_phase38.TestSmartRSVP" name="test_submit_smart_rsvp" time="0.104" /><testcase classname="backend.tests.test_premium_phase38.TestSmartRSVP" name="test_export_csv" time="0.119" /><testcase classname="backend.tests.test_premium_phase38.TestSmartRSVP" name="test_export_xlsx" time="0.641" /><testcase classname="backend.tests.test_premium_phase38.TestSmartRSVP" name="test_export_json" time="0.104" /><testcase classname="backend.tests.test_premium_phase38.TestAnalyticsV2" name="test_analytics_v2" time="0.102" /></testsuite></testsuites>