<?xml version="1.0" encoding="utf-8"?><testsuites name="pytest tests"><testsuite name="pytest" errors="0" failures="0" skipped="0" tests="21" time="17.808" timestamp="2026-05-14T06:24:29.765689+00:00" hostname="agent-env-61379fe5-43c8-4b80-ad1e-d98df761e647"><testcase classname="backend.tests.test_ai_story.TestAuthMeRegression" name="test_auth_me_super_admin_returns_200" time="0.472" /><testcase classname="backend.tests.test_ai_story.TestAuthMeRegression" name="test_auth_me_photographer_returns_200" time="0.326" /><testcase classname="backend.tests.test_ai_story.TestAIStory" name="test_ai_story_no_auth_returns_401_or_403" time="0.055" /><testcase classname="backend.tests.test_ai_story.TestAIStory" name="test_ai_story_missing_bride_returns_400_or_422" time="0.045" /><testcase classname="backend.tests.test_ai_story.TestAIStory" name="test_ai_story_empty_bride_returns_400" time="0.057" /><testcase classname="backend.tests.test_ai_story.TestAIStory" name="test_ai_story_valid_returns_prose_and_persists" time="6.485" /><testcase classname="backend.tests.test_ai_story.TestSuperAdminCreateAdminRegression" name="test_create_admin_via_super_admin" time="0.273" /><testcase classname="backend.tests.test_auth_and_super_admin.TestHealth" name="test_root_api_health" time="0.124" /><testcase classname="backend.tests.test_auth_and_super_admin.TestAuth" name="test_login_success_super_admin" time="0.270" /><testcase classname="backend.tests.test_auth_and_super_admin.TestAuth" name="test_login_wrong_password_returns_401" time="0.270" /><testcase classname="backend.tests.test_auth_and_super_admin.TestAuth" name="test_login_unknown_email_returns_401" time="0.048" /><testcase classname="backend.tests.test_auth_and_super_admin.TestSuperAdmin" name="test_list_admins_with_token" time="0.319" /><testcase classname="backend.tests.test_auth_and_super_admin.TestSuperAdmin" name="test_list_admins_without_token_unauthorized" time="0.048" /><testcase classname="backend.tests.test_credits_and_status.TestLoginPayload" name="test_super_admin_login_returns_token_and_credits" time="0.332" /><testcase classname="backend.tests.test_credits_and_status.TestLoginPayload" name="test_photographer_login_returns_token_and_credits" time="0.274" /><testcase classname="backend.tests.test_credits_and_status.TestAuthMe" name="test_auth_me_photographer_credits_derived" time="0.322" /><testcase classname="backend.tests.test_credits_and_status.TestCreateAdmin" name="test_initial_credits_field_creates_ledger" time="0.594" /><testcase classname="backend.tests.test_credits_and_status.TestCreditOps" name="test_add_credits_then_deduct" time="0.167" /><testcase classname="backend.tests.test_credits_and_status.TestAdminStatus" name="test_suspend_then_activate" time="0.098" /><testcase classname="backend.tests.test_credits_and_status.TestProfileIsolation" name="test_admin_profiles_returns_list" time="0.048" /><testcase classname="backend.tests.test_credits_and_status.TestAIStoryFriendly" name="test_ai_story_returns_200_or_friendly_503" time="7.037" /></testsuite></testsuites>