<?xml version="1.0" encoding="utf-8"?><testsuites name="pytest tests"><testsuite name="pytest" errors="0" failures="1" skipped="0" tests="13" time="9.086" timestamp="2026-05-14T04:44:58.065668+00:00" hostname="agent-env-b16821c3-325a-4249-a9cc-0907e6bbae54"><testcase classname="backend.tests.test_ai_story.TestAuthMeRegression" name="test_auth_me_super_admin_returns_200" time="0.431" /><testcase classname="backend.tests.test_ai_story.TestAuthMeRegression" name="test_auth_me_photographer_returns_200" time="0.321"><failure message="AssertionError: expected &gt;=100 credits, got 0&#10;assert 0 &gt;= 100">E   AssertionError: expected &gt;=100 credits, got 0
    assert 0 &gt;= 100</failure></testcase><testcase classname="backend.tests.test_ai_story.TestAIStory" name="test_ai_story_no_auth_returns_401_or_403" time="0.048" /><testcase classname="backend.tests.test_ai_story.TestAIStory" name="test_ai_story_missing_bride_returns_400_or_422" time="0.047" /><testcase classname="backend.tests.test_ai_story.TestAIStory" name="test_ai_story_empty_bride_returns_400" time="0.046" /><testcase classname="backend.tests.test_ai_story.TestAIStory" name="test_ai_story_valid_returns_prose_and_persists" time="6.606" /><testcase classname="backend.tests.test_ai_story.TestSuperAdminCreateAdminRegression" name="test_create_admin_via_super_admin" time="0.277" /><testcase classname="backend.tests.test_auth_and_super_admin.TestHealth" name="test_root_api_health" time="0.195" /><testcase classname="backend.tests.test_auth_and_super_admin.TestAuth" name="test_login_success_super_admin" time="0.276" /><testcase classname="backend.tests.test_auth_and_super_admin.TestAuth" name="test_login_wrong_password_returns_401" time="0.274" /><testcase classname="backend.tests.test_auth_and_super_admin.TestAuth" name="test_login_unknown_email_returns_401" time="0.052" /><testcase classname="backend.tests.test_auth_and_super_admin.TestSuperAdmin" name="test_list_admins_with_token" time="0.324" /><testcase classname="backend.tests.test_auth_and_super_admin.TestSuperAdmin" name="test_list_admins_without_token_unauthorized" time="0.050" /></testsuite></testsuites>