<?xml version="1.0" encoding="utf-8"?><testsuites name="pytest tests"><testsuite name="pytest" errors="0" failures="0" skipped="0" tests="10" time="2.936" timestamp="2026-05-14T09:26:29.613739+00:00" hostname="agent-env-4c2a3daa-8403-4709-b69b-56811cabb33f"><testcase classname="backend.tests.test_sprint9_gifts_venues.TestGiftPresets" name="test_presets_returns_eight" time="0.144" /><testcase classname="backend.tests.test_sprint9_gifts_venues.TestAdminGiftRegistry" name="test_get_gifts_returns_registry_doc" time="0.542" /><testcase classname="backend.tests.test_sprint9_gifts_venues.TestAdminGiftRegistry" name="test_put_gifts_upserts" time="0.426" /><testcase classname="backend.tests.test_sprint9_gifts_venues.TestPublicGifts" name="test_public_gifts_enabled" time="0.121" /><testcase classname="backend.tests.test_sprint9_gifts_venues.TestPublicGifts" name="test_public_gifts_disabled_path" time="0.453" /><testcase classname="backend.tests.test_sprint9_gifts_venues.TestAdminMapSearch" name="test_map_search_taj_falaknuma" time="0.208" /><testcase classname="backend.tests.test_sprint9_gifts_venues.TestPublicVenues" name="test_public_venues_returns_main_and_events" time="0.128" /><testcase classname="backend.tests.test_sprint9_gifts_venues.TestPublicETA" name="test_eta_returns_duration_and_distance" time="0.499" /><testcase classname="backend.tests.test_sprint9_gifts_venues.TestAdminMainVenue" name="test_put_main_venue_persists" time="0.223" /><testcase classname="backend.tests.test_sprint9_gifts_venues.TestWhat3WordsSoftFail" name="test_what3words_soft_fails_on_quota" time="0.128" /></testsuite></testsuites>